<?xml version="1.0" encoding="UTF-8"?>
<!-- Generated by org.testng.reporters.JUnitXMLReporter -->
<testsuite ignored="0" hostname="Sathya" failures="1" tests="7" name="Default test" time="68.351" errors="0" timestamp="2026-04-16T21:52:50 IST">
  <testcase classname="io.cucumber.testng.AbstractTestNGCucumberTests" name="runScenario" time="3.936"/>
  <testcase classname="io.cucumber.testng.AbstractTestNGCucumberTests" name="runScenario" time="14.425"/>
  <testcase classname="io.cucumber.testng.AbstractTestNGCucumberTests" name="runScenario" time="17.217"/>
  <testcase classname="io.cucumber.testng.AbstractTestNGCucumberTests" name="runScenario" time="8.933"/>
  <testcase classname="io.cucumber.testng.AbstractTestNGCucumberTests" name="runScenario" time="6.803"/>
  <testcase classname="io.cucumber.testng.AbstractTestNGCucumberTests" name="runScenario" time="7.748"/>
  <testcase classname="io.cucumber.testng.AbstractTestNGCucumberTests" name="runScenario" time="9.048">
    <failure type="java.lang.AssertionError" message="Defect: system accepted more than 10 digits expected [true] but found [false]">
      <![CDATA[java.lang.AssertionError: Defect: system accepted more than 10 digits expected [true] but found [false]
at org.testng.Assert.fail(Assert.java:111)
at org.testng.Assert.failNotEquals(Assert.java:1590)
at org.testng.Assert.assertTrue(Assert.java:57)
at com.edureka.stepDefinition.SearchStepDefinition.system_should_not_accept_more_than_10_digits_for_search_module(SearchStepDefinition.java:262)
at ✽.system should not accept more than 10 digits for search module(file:///C:/Users/sathy/eclipse-workspace/seleniumTraining/Edureka_Automation_Testing/./src/test/java/com/edureka/featureFile/search.feature:55)
]]>
    </failure>
  </testcase> <!-- runScenario -->
</testsuite> <!-- Default test -->
