<?xml version="1.0" encoding="UTF-8"?>
<!-- Generated by org.testng.reporters.JUnitReportReporter -->
<testsuite hostname="DESKTOP-JIVL0FJ" failures="0" tests="2" name="com.edureka.testRunner.RunnerIO" time="10.189" errors="0" timestamp="2026-04-17T09:11:44 IST" skipped="0">
  <testcase classname="com.edureka.testRunner.RunnerIO" name="runScenario" time="5.482"/>
  <testcase classname="com.edureka.testRunner.RunnerIO" name="runScenario" time="4.707"/>
</testsuite> <!-- com.edureka.testRunner.RunnerIO -->
